<?xml version="1.0" encoding="UTF-8"?>
<testsuite xmlns:xsi="http://www.w3.org/2001/XMLSchema-instance" xsi:noNamespaceSchemaLocation="https://maven.apache.org/surefire/maven-surefire-plugin/xsd/surefire-test-report.xsd" name="org.ocCommon.AppTest" time="0.397" tests="1" errors="0" skipped="0" failures="0">
  <properties>
    <property name="user.variant" value=""/>
    <property name="java.vm.info" value="mixed mode"/>
    <property name="file.encoding.pkg" value="sun.io"/>
    <property name="file.encoding" value="GBK"/>
    <property name="java.specification.name" value="Java Platform API Specification"/>
    <property name="sun.os.patch.level" value=""/>
    <property name="user.dir" value="D:\ssm\ocProject\ocCommon"/>
    <property name="line.separator" value="&#10;"/>
    <property name="java.home" value="D:\JDK\Java\jdk1.7.0_71\jre"/>
    <property name="user.name" value="John"/>
    <property name="sun.boot.library.path" value="D:\JDK\Java\jdk1.7.0_71\jre\bin"/>
    <property name="user.home" value="C:\Users\John"/>
    <property name="localRepository" value="C:\Users\John\.m2\repository"/>
    <property name="sun.java.launcher" value="SUN_STANDARD"/>
    <property name="java.class.version" value="51.0"/>
    <property name="user.language" value="zh"/>
    <property name="java.vendor.url.bug" value="http://bugreport.sun.com/bugreport/"/>
    <property name="sun.jnu.encoding" value="GBK"/>
    <property name="java.io.tmpdir" value="C:\Users\John\AppData\Local\Temp\"/>
    <property name="java.specification.vendor" value="Oracle Corporation"/>
    <property name="file.separator" value="\"/>
    <property name="java.class.path" value="D:\ssm\ocProject\ocCommon\target\test-classes;D:\ssm\ocProject\ocCommon\target\classes;C:\Users\John\.m2\repository\junit\junit\4.11\junit-4.11.jar;C:\Users\John\.m2\repository\org\hamcrest\hamcrest-core\1.3\hamcrest-core-1.3.jar;"/>
    <property name="java.vm.vendor" value="Oracle Corporation"/>
    <property name="sun.cpu.endian" value="little"/>
    <property name="java.vm.specification.vendor" value="Oracle Corporation"/>
    <property name="java.specification.version" value="1.7"/>
    <property name="user.script" value=""/>
    <property name="awt.toolkit" value="sun.awt.windows.WToolkit"/>
    <property name="sun.java.command" value="C:\Users\John\AppData\Local\Temp\surefire7176241187619734895\surefirebooter7265757325657043202.jar C:\Users\John\AppData\Local\Temp\surefire7176241187619734895 2018-08-19T18-26-34_190-jvmRun1 surefire7998837758792806835tmp surefire_03424481137810581670tmp"/>
    <property name="user.timezone" value=""/>
    <property name="surefire.test.class.path" value="D:\ssm\ocProject\ocCommon\target\test-classes;D:\ssm\ocProject\ocCommon\target\classes;C:\Users\John\.m2\repository\junit\junit\4.11\junit-4.11.jar;C:\Users\John\.m2\repository\org\hamcrest\hamcrest-core\1.3\hamcrest-core-1.3.jar;"/>
    <property name="java.runtime.version" value="1.7.0_71-b14"/>
    <property name="java.vendor" value="Oracle Corporation"/>
    <property name="sun.management.compiler" value="HotSpot 64-Bit Tiered Compilers"/>
    <property name="sun.arch.data.model" value="64"/>
    <property name="os.arch" value="amd64"/>
    <property name="sun.io.unicode.encoding" value="UnicodeLittle"/>
    <property name="java.awt.printerjob" value="sun.awt.windows.WPrinterJob"/>
    <property name="path.separator" value=";"/>
    <property name="java.runtime.name" value="Java(TM) SE Runtime Environment"/>
    <property name="java.vendor.url" value="http://java.oracle.com/"/>
    <property name="sun.boot.class.path" value="D:\JDK\Java\jdk1.7.0_71\jre\lib\resources.jar;D:\JDK\Java\jdk1.7.0_71\jre\lib\rt.jar;D:\JDK\Java\jdk1.7.0_71\jre\lib\sunrsasign.jar;D:\JDK\Java\jdk1.7.0_71\jre\lib\jsse.jar;D:\JDK\Java\jdk1.7.0_71\jre\lib\jce.jar;D:\JDK\Java\jdk1.7.0_71\jre\lib\charsets.jar;D:\JDK\Java\jdk1.7.0_71\jre\lib\jfr.jar;D:\JDK\Java\jdk1.7.0_71\jre\classes"/>
    <property name="surefire.real.class.path" value="C:\Users\John\AppData\Local\Temp\surefire7176241187619734895\surefirebooter7265757325657043202.jar"/>
    <property name="java.endorsed.dirs" value="D:\JDK\Java\jdk1.7.0_71\jre\lib\endorsed"/>
    <property name="sun.desktop" value="windows"/>
    <property name="java.vm.version" value="24.71-b01"/>
    <property name="os.name" value="Windows 8.1"/>
    <property name="java.vm.specification.version" value="1.7"/>
    <property name="sun.cpu.isalist" value="amd64"/>
    <property name="java.version" value="1.7.0_71"/>
    <property name="java.vm.specification.name" value="Java Virtual Machine Specification"/>
    <property name="java.ext.dirs" value="D:\JDK\Java\jdk1.7.0_71\jre\lib\ext;C:\windows\Sun\Java\lib\ext"/>
    <property name="os.version" value="6.3"/>
    <property name="basedir" value="D:\ssm\ocProject\ocCommon"/>
    <property name="java.library.path" value="D:\JDK\Java\jdk1.7.0_71\jre\bin;C:\windows\Sun\Java\bin;C:\windows\system32;C:\windows;C:/Program Files/Java/jdk1.8.0_60/bin/../jre/bin/server;C:/Program Files/Java/jdk1.8.0_60/bin/../jre/bin;C:/Program Files/Java/jdk1.8.0_60/bin/../jre/lib/amd64;;D:\Program Files\MySQL\MySQL Utilities 1.3.4\;C:\Program Files\Java\jdk1.8.0_60\bin;C:\Program Files\Java\jdk1.8.0_60\jre\bin;E:\apache-maven-3.5.0-bin\apache-maven-3.5.0\bin;D:\apache-tomcat-7.0.82-windows-x64\apache-tomcat-7.0.82\bin;D:\apache-tomcat-7.0.82-windows-x64\apache-tomcat-7.0.82\lib;C:\Windows\System32;E:\AndroidIDE\sdk\platform-tools;D:\Program Files\nodejs\;D:\Program Files\Git\Git\bin;;C:\windows;C:\windows\system32\wbem;C:\Python27;D:\android-ndk-r14b-windows-x86_64\android-ndk-r14b;D:\gradle-4.7-bin\gradle-4.7\bin;D:\Program Files\MongoDB\Server\3.2\bin;E:\opencv\build\x86\vc12;C:\Users\John\AppData\Roaming\npm;D:\eclipse-jee-kepler-R-win64\eclipse;;."/>
    <property name="java.awt.graphicsenv" value="sun.awt.Win32GraphicsEnvironment"/>
    <property name="java.vm.name" value="Java HotSpot(TM) 64-Bit Server VM"/>
    <property name="user.country" value="CN"/>
  </properties>
  <testcase name="shouldAnswerWithTrue" classname="org.ocCommon.AppTest" time="0.002"/>
</testsuite>